Start testing: Jan 27 12:10 CST
----------------------------------------------------------
1/2 Testing: minimum_spanning_tree_test
1/2 Test: minimum_spanning_tree_test
Command: "/home/hhoa/hhoa/algorithm/c++/algorithm/cmake-build-debug/minimum_spanning_tree_test"
Directory: /home/hhoa/hhoa/algorithm/c++/algorithm/cmake-build-debug
"minimum_spanning_tree_test" start time: Jan 27 12:10 CST
Output:
----------------------------------------------------------
test prim
successful
test kruskal
successful
<end of output>
Test time =   0.00 sec
----------------------------------------------------------
Test Passed.
"minimum_spanning_tree_test" end time: Jan 27 12:10 CST
"minimum_spanning_tree_test" time elapsed: 00:00:00
----------------------------------------------------------

2/2 Testing: my_sort_test
2/2 Test: my_sort_test
Command: "/home/hhoa/hhoa/algorithm/c++/algorithm/cmake-build-debug/my_sort_test"
Directory: /home/hhoa/hhoa/algorithm/c++/algorithm/cmake-build-debug
"my_sort_test" start time: Jan 27 12:10 CST
Output:
----------------------------------------------------------
-----test bubble_sort()-----
-----end-----
-----test heap_sort()-----
-----end-----
-----test quick_sort()-----
-----end-----
-----test odd_even_sort()-----
-----end-----
<end of output>
Test time =   0.04 sec
----------------------------------------------------------
Test Passed.
"my_sort_test" end time: Jan 27 12:10 CST
"my_sort_test" time elapsed: 00:00:00
----------------------------------------------------------

End testing: Jan 27 12:10 CST
